c:\vc实验\第五周实验第三题\第五周实验第三题\debug\第五周实验第三题.pch
c:\vc实验\第五周实验第三题\第五周实验第三题\debug\vc140.pdb
c:\vc实验\第五周实验第三题\第五周实验第三题\debug\vc140.idb
c:\vc实验\第五周实验第三题\第五周实验第三题\debug\stdafx.obj
c:\vc实验\第五周实验第三题\第五周实验第三题\debug\mainfrm.obj
c:\vc实验\第五周实验第三题\第五周实验第三题\debug\第五周实验第三题.obj
c:\vc实验\第五周实验第三题\第五周实验第三题\debug\第五周实验第三题doc.obj
c:\vc实验\第五周实验第三题\第五周实验第三题\debug\第五周实验第三题view.obj
c:\vc实验\第五周实验第三题\debug\第五周实验第三题.ilk
c:\vc实验\第五周实验第三题\debug\第五周实验第三题.exe
c:\vc实验\第五周实验第三题\debug\第五周实验第三题.pdb
c:\vc实验\第五周实验第三题\第五周实验第三题\debug\第五周实验第三题.res
c:\vc实验\第五周实验第三题\第五周实验第三题\debug\第五周实验第三题.tlog\cl.command.1.tlog
c:\vc实验\第五周实验第三题\第五周实验第三题\debug\第五周实验第三题.tlog\cl.read.1.tlog
c:\vc实验\第五周实验第三题\第五周实验第三题\debug\第五周实验第三题.tlog\cl.write.1.tlog
c:\vc实验\第五周实验第三题\第五周实验第三题\debug\第五周实验第三题.tlog\link.command.1.tlog
c:\vc实验\第五周实验第三题\第五周实验第三题\debug\第五周实验第三题.tlog\link.read.1.tlog
c:\vc实验\第五周实验第三题\第五周实验第三题\debug\第五周实验第三题.tlog\link.write.1.tlog
c:\vc实验\第五周实验第三题\第五周实验第三题\debug\第五周实验第三题.tlog\rc.command.1.tlog
c:\vc实验\第五周实验第三题\第五周实验第三题\debug\第五周实验第三题.tlog\rc.read.1.tlog
c:\vc实验\第五周实验第三题\第五周实验第三题\debug\第五周实验第三题.tlog\rc.write.1.tlog
