c:\vc实验\第六周实验题一\第六周实验题一\debug\第六周实验题一.pch
c:\vc实验\第六周实验题一\第六周实验题一\debug\vc140.pdb
c:\vc实验\第六周实验题一\第六周实验题一\debug\vc140.idb
c:\vc实验\第六周实验题一\第六周实验题一\debug\stdafx.obj
c:\vc实验\第六周实验题一\第六周实验题一\debug\mainfrm.obj
c:\vc实验\第六周实验题一\第六周实验题一\debug\第六周实验题一.obj
c:\vc实验\第六周实验题一\第六周实验题一\debug\第六周实验题一doc.obj
c:\vc实验\第六周实验题一\第六周实验题一\debug\第六周实验题一view.obj
c:\vc实验\第六周实验题一\debug\第六周实验题一.ilk
c:\vc实验\第六周实验题一\debug\第六周实验题一.exe
c:\vc实验\第六周实验题一\debug\第六周实验题一.pdb
c:\vc实验\第六周实验题一\第六周实验题一\debug\第六周实验题一.res
c:\vc实验\第六周实验题一\第六周实验题一\debug\第六周实验题一.tlog\cl.command.1.tlog
c:\vc实验\第六周实验题一\第六周实验题一\debug\第六周实验题一.tlog\cl.read.1.tlog
c:\vc实验\第六周实验题一\第六周实验题一\debug\第六周实验题一.tlog\cl.write.1.tlog
c:\vc实验\第六周实验题一\第六周实验题一\debug\第六周实验题一.tlog\link.command.1.tlog
c:\vc实验\第六周实验题一\第六周实验题一\debug\第六周实验题一.tlog\link.read.1.tlog
c:\vc实验\第六周实验题一\第六周实验题一\debug\第六周实验题一.tlog\link.write.1.tlog
c:\vc实验\第六周实验题一\第六周实验题一\debug\第六周实验题一.tlog\rc.command.1.tlog
c:\vc实验\第六周实验题一\第六周实验题一\debug\第六周实验题一.tlog\rc.read.1.tlog
c:\vc实验\第六周实验题一\第六周实验题一\debug\第六周实验题一.tlog\rc.write.1.tlog
